[INFO]: Current run directory is /openlane/designs/soc_core/runs/RUN_2022.04.28_12.53.35
[INFO]: Preparing LEF files for the nom corner...
[INFO]: Preparing LEF files for the min corner...
[INFO]: Preparing LEF files for the max corner...
[INFO]: Running Synthesis...
[INFO]: Running Single-Corner Static Timing Analysis...
[INFO]: Running Initial Floorplanning...
[INFO]: Setting Core Dimensions...
[INFO]: Running IO Placement...
[INFO]: Running Tap/Decap Insertion...
[INFO]: Power planning with power {VPWR} and ground {VGND}...
[INFO]: Generating PDN...
[INFO]: Running Global Placement...
[INFO]: Running Resizer Design Optimizations...
[INFO]: Writing Verilog...
[INFO]: Running Detailed Placement...
[INFO]: Running Clock Tree Synthesis...
[INFO]: Writing Verilog...
[INFO]: Running Resizer Timing Optimizations...
[INFO]: Writing Verilog...
[INFO]: Routing...
[INFO]: Running Resizer Timing Optimizations...
[INFO]: Writing Verilog...
[INFO]: Running Detailed Placement...
[INFO]: Running Global Routing...
[INFO]: Starting FastRoute Antenna Repair Iterations...
[INFO]: Running Fill Insertion...
[INFO]: Writing Verilog...
[INFO]: Running Detailed Routing...
[ERROR]: during executing openroad script /openlane/scripts/openroad/droute.tcl
[ERROR]: Exit code: 1
[ERROR]: Last 10 lines:
    elapsed time = 01:36:01, memory = 13341.38 (MB).
    Completing 40% with 55562 violations.
    elapsed time = 01:36:01, memory = 13341.44 (MB).
    Completing 50% with 55562 violations.
    elapsed time = 03:13:48, memory = 13341.44 (MB).
    Completing 60% with 55562 violations.
    elapsed time = 03:13:48, memory = 13341.44 (MB).
    Completing 70% with 55562 violations.
    elapsed time = 03:13:48, memory = 13341.44 (MB).
child killed: kill signal

[INFO]: Saving runtime environment...
[INFO]: Creating reproducible...
[INFO]: Reproducible packaged: Please tarball and upload designs/soc_core/runs/RUN_2022.04.28_12.53.35/openroad_issue_reproducible if you're going to submit an issue.
[INFO]: Generating final set of reports...
[INFO]: Created manufacturability report at 'designs/soc_core/runs/RUN_2022.04.28_12.53.35/reports/manufacturability.rpt'.
[INFO]: Created metrics report at 'designs/soc_core/runs/RUN_2022.04.28_12.53.35/reports/metrics.csv'.
[INFO]: Saving runtime environment...
[ERROR]: Flow failed.
